<?xml version="1.0" encoding="UTF-8"?>
<!-- Generated by org.testng.reporters.JUnitXMLReporter -->
<testsuite ignored="0" hostname="UtpalLade" failures="0" tests="4" name="Test" time="56.211" errors="0" timestamp="2024-06-22T13:30:57 IST">
  <testcase classname="pom.Orange_hrm.test.T001Login" name="login" time="5.398"/>
  <testcase classname="pom.Orange_hrm.test.T002_AddPIM" name="AddPIM" time="9.0"/>
  <testcase classname="pom.Orange_hrm.test.T004_DeletePIM" name="DeletePIM" time="11.83"/>
  <testcase classname="pom.Orange_hrm.test.T003_loginAndLogout" name="AddPIM" time="5.048"/>
</testsuite> <!-- Test -->
